<?xml version="1.0" encoding="UTF-8"?>
<testsuites name="Landing page" time="7" tests="0" failures="0" errors="1">
   <testsuite name="Landing page" tests="0" failures="0" errors="1" time="7" timestamp="2018-02-09 12:12:40" hostname="musienkok - 172.16.0.109" id="Test Suites/Landing page">
      <properties>
         <property name="deviceName" value=""/>
         <property name="devicePlatform" value=""/>
         <property name="logFolder" value="/Users/musienkok/Katalon Studio/CityMap Project/Reports/Landing page/20180209_121237"/>
         <property name="logFiles" value="/Users/musienkok/Katalon Studio/CityMap Project/Reports/Landing page/20180209_121237/execution0.log"/>
         <property name="attachments" value=""/>
         <property name="hostName" value="musienkok - 172.16.0.109"/>
         <property name="os" value="Mac OS X 64bit"/>
         <property name="katalonVersion" value="5.2.0.1"/>
         <property name="browser" value="Chrome 63.0.3239.132"/>
         <property name="hostAddress" value="172.16.0.109"/>
         <property name="sessionId" value="edb95fbfa5e0242ff0e8e1da634432ab"/>
         <property name="seleniumVersion" value="3.7.1"/>
         <property name="proxyInformation" value="ProxyInformation{proxyOption=NO_PROXY, proxyServerType=HTTP, password=, proxyServerAddress=, proxyServerPort=0}"/>
         <property name="platform" value="Mac OS X"/>
      </properties>
      <testcase name="Test Cases/Check Landing Page Title" classname="Test Cases/Check Landing Page Title" status="ERROR">
         <error type="ERROR" message="Test Cases/Check Landing Page Title FAILED because (of) Variable 'title' is not defined for test case."/>
         <system-out><![CDATA[2018-02-09 12:12:40 - [TEST_CASE][ERROR] - Test Cases/Check Landing Page Title: Test Cases/Check Landing Page Title FAILED because (of) Variable 'title' is not defined for test case.

2018-02-09 12:12:41 - [TEST_STEP][PASSED] - openBrowser: Browser is opened with url: ''

2018-02-09 12:12:43 - [MESSAGE][PASSED] - Browser is opened with url: ''

2018-02-09 12:12:43 - [TEST_STEP][PASSED] - navigateToUrl: Navigate to 'https://citymap.intetics.com/#/' successfully

2018-02-09 12:12:47 - [MESSAGE][PASSED] - Navigate to 'https://citymap.intetics.com/#/' successfully

2018-02-09 12:12:47 - [TEST_STEP][PASSED] - Statement - titleWindow = com.kms.katalon.core.webui.keyword.WebUiBuiltInKeywords.getWindowTitle(): Current window's title is: 'Willkommen, Java Hipster!'

2018-02-09 12:12:47 - [MESSAGE][PASSED] - Current window's title is: 'Willkommen, Java Hipster!'

2018-02-09 12:12:47 - [TEST_STEP][PASSED] - verifyMatch: null]]></system-out>
         <system-err><![CDATA[2018-02-09 12:12:40 - [TEST_CASE][ERROR] - Test Cases/Check Landing Page Title: Test Cases/Check Landing Page Title FAILED because (of) Variable 'title' is not defined for test case.]]></system-err>
      </testcase>
      <system-out><![CDATA[2018-02-09 12:12:40 - [TEST_SUITE][ERROR] - Landing page: Test Cases/Check Landing Page Title FAILED because (of) Variable 'title' is not defined for test case.]]></system-out>
      <system-err><![CDATA[2018-02-09 12:12:40 - [TEST_SUITE][ERROR] - Landing page: Test Cases/Check Landing Page Title FAILED because (of) Variable 'title' is not defined for test case.]]></system-err>
   </testsuite>
</testsuites>
