<?xml version="1.0" encoding="UTF-8"?>
<testsuites name="Landing page" time="9" tests="0" failures="1" errors="1">
   <testsuite name="Landing page" tests="0" failures="1" errors="1" time="9" timestamp="2018-02-09 12:17:03" hostname="musienkok - 172.16.0.109" id="Test Suites/Landing page">
      <properties>
         <property name="deviceName" value=""/>
         <property name="devicePlatform" value=""/>
         <property name="logFolder" value="/Users/musienkok/Katalon Studio/CityMap Project/Reports/Landing page/20180209_121700"/>
         <property name="logFiles" value="/Users/musienkok/Katalon Studio/CityMap Project/Reports/Landing page/20180209_121700/execution0.log"/>
         <property name="attachments" value="/Users/musienkok/Katalon Studio/CityMap Project/Reports/Landing page/20180209_121700/1518171432324.png"/>
         <property name="hostName" value="musienkok - 172.16.0.109"/>
         <property name="os" value="Mac OS X 64bit"/>
         <property name="katalonVersion" value="5.2.0.1"/>
         <property name="browser" value="Chrome 63.0.3239.132"/>
         <property name="hostAddress" value="172.16.0.109"/>
         <property name="sessionId" value="6591007e8a60261d7649bf6a2273f05d"/>
         <property name="seleniumVersion" value="3.7.1"/>
         <property name="proxyInformation" value="ProxyInformation{proxyOption=NO_PROXY, proxyServerType=HTTP, password=, proxyServerAddress=, proxyServerPort=0}"/>
         <property name="platform" value="Mac OS X"/>
      </properties>
      <testcase name="Test Cases/Check Landing Page Title" classname="Test Cases/Check Landing Page Title" status="ERROR">
         <error type="ERROR" message="Test Cases/Check Landing Page Title FAILED because (of) Variable 'title' is not defined for test case."/>
         <system-out><![CDATA[2018-02-09 12:17:03 - [TEST_CASE][ERROR] - Test Cases/Check Landing Page Title: Test Cases/Check Landing Page Title FAILED because (of) Variable 'title' is not defined for test case.

2018-02-09 12:17:04 - [TEST_STEP][PASSED] - openBrowser: Browser is opened with url: ''

2018-02-09 12:17:07 - [MESSAGE][PASSED] - Browser is opened with url: ''

2018-02-09 12:17:07 - [TEST_STEP][PASSED] - navigateToUrl: Navigate to 'https://citymap.intetics.com/#/' successfully

2018-02-09 12:17:10 - [MESSAGE][PASSED] - Navigate to 'https://citymap.intetics.com/#/' successfully

2018-02-09 12:17:10 - [TEST_STEP][PASSED] - Statement - titleWindow = com.kms.katalon.core.webui.keyword.WebUiBuiltInKeywords.getWindowTitle(): Current window's title is: 'Willkommen, Java Hipster!'

2018-02-09 12:17:10 - [MESSAGE][PASSED] - Current window's title is: 'Willkommen, Java Hipster!'

2018-02-09 12:17:10 - [TEST_STEP][PASSED] - verifyMatch: null]]></system-out>
         <system-err><![CDATA[2018-02-09 12:17:03 - [TEST_CASE][ERROR] - Test Cases/Check Landing Page Title: Test Cases/Check Landing Page Title FAILED because (of) Variable 'title' is not defined for test case.]]></system-err>
      </testcase>
      <testcase name="Test Cases/Verified That Elemets are Clikable" classname="Test Cases/Verified That Elemets are Clikable" status="FAILED">
         <failure type="FAILED" message="Unable to navigate to '' (Root cause: java.lang.IllegalArgumentException: Url cannot be null or empty)"/>
         <system-out><![CDATA[2018-02-09 12:17:10 - [TEST_CASE][FAILED] - Test Cases/Verified That Elemets are Clikable: Test Cases/Verified That Elemets are Clikable FAILED because (of) Unable to navigate to '' (Root cause: java.lang.IllegalArgumentException: Url cannot be null or empty)

2018-02-09 12:17:11 - [TEST_STEP][PASSED] - openBrowser: Browser is opened with url: ''

2018-02-09 12:17:11 - [MESSAGE][WARNING] - A browser is already opened. Closing browser and opening a new one

2018-02-09 12:17:12 - [MESSAGE][PASSED] - Browser is opened with url: ''

2018-02-09 12:17:12 - [TEST_STEP][FAILED] - navigateToUrl: Unable to navigate to '' (Root cause: java.lang.IllegalArgumentException: Url cannot be null or empty)

2018-02-09 12:17:12 - [MESSAGE][FAILED] - Unable to navigate to '' (Root cause: java.lang.IllegalArgumentException: Url cannot be null or empty)
[[ATTACHMENT|/Users/musienkok/Katalon Studio/CityMap Project/Reports/Landing page/20180209_121700/1518171432324.png]]]]></system-out>
         <system-err><![CDATA[2018-02-09 12:17:10 - [TEST_CASE][FAILED] - Test Cases/Verified That Elemets are Clikable: Test Cases/Verified That Elemets are Clikable FAILED because (of) Unable to navigate to '' (Root cause: java.lang.IllegalArgumentException: Url cannot be null or empty)]]></system-err>
      </testcase>
      <system-out><![CDATA[2018-02-09 12:17:03 - [TEST_SUITE][ERROR] - Landing page: Test Cases/Check Landing Page Title FAILED because (of) Variable 'title' is not defined for test case.]]></system-out>
      <system-err><![CDATA[2018-02-09 12:17:03 - [TEST_SUITE][ERROR] - Landing page: Test Cases/Check Landing Page Title FAILED because (of) Variable 'title' is not defined for test case.]]></system-err>
   </testsuite>
</testsuites>
